[INFO] Scanning for projects...
[INFO] 
[INFO] ---------------------------< com.wine:store >---------------------------
[INFO] Building store 0.0.1-SNAPSHOT
[INFO]   from pom.xml
[INFO] --------------------------------[ jar ]---------------------------------
[INFO] 
[INFO] >>> spring-boot:3.3.5:run (default-cli) > test-compile @ store >>>
[INFO] 
[INFO] --- enforcer:3.5.0:enforce (enforce-java) @ store ---
[INFO] Rule 0: org.apache.maven.enforcer.rules.version.RequireJavaVersion passed
[INFO] 
[INFO] --- resources:3.3.1:resources (default-resources) @ store ---
[INFO] Copying 3 resources from src/main/resources to target/classes
[INFO] Copying 5 resources from src/main/resources to target/classes
[INFO] 
[INFO] --- compiler:3.13.0:compile (default-compile) @ store ---
[INFO] Nothing to compile - all classes are up to date.
[INFO] 
[INFO] --- resources:3.3.1:testResources (default-testResources) @ store ---
[INFO] skip non existing resourceDirectory /Users/dmitrinedioglo/Documents/GitHub/ProProjectWineStore/apps/backend/src/test/resources
[INFO] 
[INFO] --- compiler:3.13.0:testCompile (default-testCompile) @ store ---
[INFO] Nothing to compile - all classes are up to date.
[INFO] 
[INFO] <<< spring-boot:3.3.5:run (default-cli) < test-compile @ store <<<
[INFO] 
[INFO] 
[INFO] --- spring-boot:3.3.5:run (default-cli) @ store ---
[INFO] Attaching agents: []
18:30:46.025 [main] INFO com.wine.store.ProProjectWineStoreApplication -- Starting ProProjectWineStoreApplication...

  .   ____          _            __ _ _
 /\\ / ___'_ __ _ _(_)_ __  __ _ \ \ \ \
( ( )\___ | '_ | '_| | '_ \/ _` | \ \ \ \
 \\/  ___)| |_)| | | | | || (_| |  ) ) ) )
  '  |____| .__|_| |_|_| |_\__, | / / / /
 =========|_|==============|___/=/_/_/_/

 :: Spring Boot ::                (v3.3.5)

2026-02-15T18:30:46.157+01:00  INFO 69536 --- [pro-project-wine-store-backend] [           main] c.w.s.ProProjectWineStoreApplication     : Starting ProProjectWineStoreApplication using Java 21.0.9 with PID 69536 (/Users/dmitrinedioglo/Documents/GitHub/ProProjectWineStore/apps/backend/target/classes started by dmitrinedioglo in /Users/dmitrinedioglo/Documents/GitHub/ProProjectWineStore/apps/backend)
2026-02-15T18:30:46.158+01:00  INFO 69536 --- [pro-project-wine-store-backend] [           main] c.w.s.ProProjectWineStoreApplication     : The following 1 profile is active: "dev"
2026-02-15T18:30:46.403+01:00  INFO 69536 --- [pro-project-wine-store-backend] [           main] .s.d.r.c.RepositoryConfigurationDelegate : Bootstrapping Spring Data JPA repositories in DEFAULT mode.
2026-02-15T18:30:46.422+01:00  INFO 69536 --- [pro-project-wine-store-backend] [           main] .s.d.r.c.RepositoryConfigurationDelegate : Finished Spring Data repository scanning in 17 ms. Found 4 JPA repository interfaces.
2026-02-15T18:30:46.579+01:00  INFO 69536 --- [pro-project-wine-store-backend] [           main] o.s.b.w.embedded.tomcat.TomcatWebServer  : Tomcat initialized with port 8080 (http)
2026-02-15T18:30:46.585+01:00  INFO 69536 --- [pro-project-wine-store-backend] [           main] o.apache.catalina.core.StandardService   : Starting service [Tomcat]
2026-02-15T18:30:46.585+01:00  INFO 69536 --- [pro-project-wine-store-backend] [           main] o.apache.catalina.core.StandardEngine    : Starting Servlet engine: [Apache Tomcat/10.1.31]
2026-02-15T18:30:46.603+01:00  INFO 69536 --- [pro-project-wine-store-backend] [           main] o.a.c.c.C.[Tomcat].[localhost].[/]       : Initializing Spring embedded WebApplicationContext
2026-02-15T18:30:46.603+01:00  INFO 69536 --- [pro-project-wine-store-backend] [           main] w.s.c.ServletWebServerApplicationContext : Root WebApplicationContext: initialization completed in 433 ms
2026-02-15T18:30:46.648+01:00  INFO 69536 --- [pro-project-wine-store-backend] [           main] com.zaxxer.hikari.HikariDataSource       : HikariPool-1 - Starting...
2026-02-15T18:30:46.715+01:00  INFO 69536 --- [pro-project-wine-store-backend] [           main] com.zaxxer.hikari.pool.HikariPool        : HikariPool-1 - Added connection conn0: url=jdbc:h2:mem:testdb user=SA
2026-02-15T18:30:46.715+01:00  INFO 69536 --- [pro-project-wine-store-backend] [           main] com.zaxxer.hikari.HikariDataSource       : HikariPool-1 - Start completed.
2026-02-15T18:30:46.735+01:00  INFO 69536 --- [pro-project-wine-store-backend] [           main] liquibase.database                       : Set default schema name to PUBLIC
2026-02-15T18:30:46.874+01:00  INFO 69536 --- [pro-project-wine-store-backend] [           main] liquibase.changelog                      : Creating database history table with name: PUBLIC.DATABASECHANGELOG
2026-02-15T18:30:46.903+01:00  INFO 69536 --- [pro-project-wine-store-backend] [           main] liquibase.changelog                      : Reading from PUBLIC.DATABASECHANGELOG
2026-02-15T18:30:46.941+01:00  INFO 69536 --- [pro-project-wine-store-backend] [           main] liquibase.lockservice                    : Successfully acquired change log lock
2026-02-15T18:30:46.941+01:00  INFO 69536 --- [pro-project-wine-store-backend] [           main] liquibase.command                        : Using deploymentId: 1176646941
2026-02-15T18:30:46.942+01:00  INFO 69536 --- [pro-project-wine-store-backend] [           main] liquibase.changelog                      : Reading from PUBLIC.DATABASECHANGELOG
2026-02-15T18:30:46.960+01:00  INFO 69536 --- [pro-project-wine-store-backend] [           main] liquibase.ui                             : Running Changeset: db/changelog/001-initial-schema.xml::1::Dmitri Nedioglo
2026-02-15T18:30:46.963+01:00  INFO 69536 --- [pro-project-wine-store-backend] [           main] liquibase.changelog                      : Table users created
2026-02-15T18:30:46.966+01:00  INFO 69536 --- [pro-project-wine-store-backend] [           main] liquibase.changelog                      : Table wines created
2026-02-15T18:30:46.966+01:00  INFO 69536 --- [pro-project-wine-store-backend] [           main] liquibase.changelog                      : Table wine_dishes created
2026-02-15T18:30:46.968+01:00  INFO 69536 --- [pro-project-wine-store-backend] [           main] liquibase.changelog                      : Foreign key constraint added to wine_dishes (wine_id)
2026-02-15T18:30:46.969+01:00  INFO 69536 --- [pro-project-wine-store-backend] [           main] liquibase.changelog                      : Table wine_tags created
2026-02-15T18:30:46.970+01:00  INFO 69536 --- [pro-project-wine-store-backend] [           main] liquibase.changelog                      : Foreign key constraint added to wine_tags (wine_id)
2026-02-15T18:30:46.971+01:00  INFO 69536 --- [pro-project-wine-store-backend] [           main] liquibase.changelog                      : Table events created
2026-02-15T18:30:46.972+01:00  INFO 69536 --- [pro-project-wine-store-backend] [           main] liquibase.changelog                      : Table bookings created
2026-02-15T18:30:46.973+01:00  INFO 69536 --- [pro-project-wine-store-backend] [           main] liquibase.changelog                      : Foreign key constraint added to bookings (event_id)
2026-02-15T18:30:46.974+01:00  INFO 69536 --- [pro-project-wine-store-backend] [           main] liquibase.changelog                      : Table orders created
2026-02-15T18:30:46.975+01:00  INFO 69536 --- [pro-project-wine-store-backend] [           main] liquibase.changelog                      : Table order_items created
2026-02-15T18:30:46.976+01:00  INFO 69536 --- [pro-project-wine-store-backend] [           main] liquibase.changelog                      : Foreign key constraint added to order_items (order_id)
2026-02-15T18:30:46.977+01:00  INFO 69536 --- [pro-project-wine-store-backend] [           main] liquibase.changelog                      : Foreign key constraint added to order_items (wine_id)
2026-02-15T18:30:46.977+01:00  INFO 69536 --- [pro-project-wine-store-backend] [           main] liquibase.changelog                      : ChangeSet db/changelog/001-initial-schema.xml::1::Dmitri Nedioglo ran successfully in 16ms
2026-02-15T18:30:46.979+01:00  INFO 69536 --- [pro-project-wine-store-backend] [           main] liquibase.ui                             : Running Changeset: db/changelog/002-seed-data.xml::2-seed-data-cleanup::Dmitri Nedioglo
2026-02-15T18:30:46.980+01:00  INFO 69536 --- [pro-project-wine-store-backend] [           main] liquibase.changelog                      : ChangeSet db/changelog/002-seed-data.xml::2-seed-data-cleanup::Dmitri Nedioglo ran successfully in 0ms
2026-02-15T18:30:46.982+01:00  INFO 69536 --- [pro-project-wine-store-backend] [           main] liquibase.util                           : UPDATE SUMMARY
2026-02-15T18:30:46.982+01:00  INFO 69536 --- [pro-project-wine-store-backend] [           main] liquibase.util                           : Run:                          2
2026-02-15T18:30:46.982+01:00  INFO 69536 --- [pro-project-wine-store-backend] [           main] liquibase.util                           : Previously run:               0
2026-02-15T18:30:46.982+01:00  INFO 69536 --- [pro-project-wine-store-backend] [           main] liquibase.util                           : Filtered out:                 0
2026-02-15T18:30:46.982+01:00  INFO 69536 --- [pro-project-wine-store-backend] [           main] liquibase.util                           : -------------------------------
2026-02-15T18:30:46.982+01:00  INFO 69536 --- [pro-project-wine-store-backend] [           main] liquibase.util                           : Total change sets:            2
2026-02-15T18:30:46.982+01:00  INFO 69536 --- [pro-project-wine-store-backend] [           main] liquibase.util                           : Update summary generated
2026-02-15T18:30:46.983+01:00  INFO 69536 --- [pro-project-wine-store-backend] [           main] liquibase.command                        : Update command completed successfully.
2026-02-15T18:30:46.983+01:00  INFO 69536 --- [pro-project-wine-store-backend] [           main] liquibase.ui                             : Liquibase: Update has been successful. Rows affected: 2
2026-02-15T18:30:46.983+01:00  INFO 69536 --- [pro-project-wine-store-backend] [           main] liquibase.lockservice                    : Successfully released change log lock
2026-02-15T18:30:46.984+01:00  INFO 69536 --- [pro-project-wine-store-backend] [           main] liquibase.command                        : Command execution complete
2026-02-15T18:30:47.006+01:00  INFO 69536 --- [pro-project-wine-store-backend] [           main] o.hibernate.jpa.internal.util.LogHelper  : HHH000204: Processing PersistenceUnitInfo [name: default]
2026-02-15T18:30:47.020+01:00  INFO 69536 --- [pro-project-wine-store-backend] [           main] org.hibernate.Version                    : HHH000412: Hibernate ORM core version 6.5.3.Final
2026-02-15T18:30:47.029+01:00  INFO 69536 --- [pro-project-wine-store-backend] [           main] o.h.c.internal.RegionFactoryInitiator    : HHH000026: Second-level cache disabled
2026-02-15T18:30:47.106+01:00  INFO 69536 --- [pro-project-wine-store-backend] [           main] o.s.o.j.p.SpringPersistenceUnitInfo      : No LoadTimeWeaver setup: ignoring JPA class transformer
2026-02-15T18:30:47.118+01:00  WARN 69536 --- [pro-project-wine-store-backend] [           main] org.hibernate.orm.deprecation            : HHH90000025: H2Dialect does not need to be specified explicitly using 'hibernate.dialect' (remove the property setting and it will be selected by default)
2026-02-15T18:30:47.440+01:00  INFO 69536 --- [pro-project-wine-store-backend] [           main] o.h.e.t.j.p.i.JtaPlatformInitiator       : HHH000489: No JTA platform available (set 'hibernate.transaction.jta.platform' to enable JTA platform integration)
2026-02-15T18:30:47.450+01:00  INFO 69536 --- [pro-project-wine-store-backend] [           main] j.LocalContainerEntityManagerFactoryBean : Initialized JPA EntityManagerFactory for persistence unit 'default'
2026-02-15T18:30:47.518+01:00  INFO 69536 --- [pro-project-wine-store-backend] [           main] o.s.d.j.r.query.QueryEnhancerFactory     : Hibernate is in classpath; If applicable, HQL parser will be used.
2026-02-15T18:30:47.745+01:00  WARN 69536 --- [pro-project-wine-store-backend] [           main] JpaBaseConfiguration$JpaWebConfiguration : spring.jpa.open-in-view is enabled by default. Therefore, database queries may be performed during view rendering. Explicitly configure spring.jpa.open-in-view to disable this warning
2026-02-15T18:30:47.757+01:00  INFO 69536 --- [pro-project-wine-store-backend] [           main] eAuthenticationProviderManagerConfigurer : Global AuthenticationManager configured with AuthenticationProvider bean with name authenticationProvider
2026-02-15T18:30:47.757+01:00  WARN 69536 --- [pro-project-wine-store-backend] [           main] r$InitializeUserDetailsManagerConfigurer : Global AuthenticationManager configured with an AuthenticationProvider bean. UserDetailsService beans will not be used for username/password login. Consider removing the AuthenticationProvider bean. Alternatively, consider using the UserDetailsService in a manually instantiated DaoAuthenticationProvider.
2026-02-15T18:30:47.920+01:00  WARN 69536 --- [pro-project-wine-store-backend] [           main] ConfigServletWebServerApplicationContext : Exception encountered during context initialization - cancelling refresh attempt: org.springframework.context.ApplicationContextException: Failed to start bean 'webServerStartStop'
2026-02-15T18:30:47.921+01:00  INFO 69536 --- [pro-project-wine-store-backend] [           main] j.LocalContainerEntityManagerFactoryBean : Closing JPA EntityManagerFactory for persistence unit 'default'
2026-02-15T18:30:47.922+01:00  INFO 69536 --- [pro-project-wine-store-backend] [           main] com.zaxxer.hikari.HikariDataSource       : HikariPool-1 - Shutdown initiated...
2026-02-15T18:30:47.922+01:00  INFO 69536 --- [pro-project-wine-store-backend] [           main] com.zaxxer.hikari.HikariDataSource       : HikariPool-1 - Shutdown completed.
2026-02-15T18:30:47.927+01:00  INFO 69536 --- [pro-project-wine-store-backend] [           main] .s.b.a.l.ConditionEvaluationReportLogger : 

Error starting ApplicationContext. To display the condition evaluation report re-run your application with 'debug' enabled.
2026-02-15T18:30:47.931+01:00 ERROR 69536 --- [pro-project-wine-store-backend] [           main] o.s.b.d.LoggingFailureAnalysisReporter   : 

***************************
APPLICATION FAILED TO START
***************************

Description:

Web server failed to start. Port 8080 was already in use.

Action:

Identify and stop the process that's listening on port 8080 or configure this application to listen on another port.

[INFO] ------------------------------------------------------------------------
[INFO] BUILD FAILURE
[INFO] ------------------------------------------------------------------------
[INFO] Total time:  2.745 s
[INFO] Finished at: 2026-02-15T18:30:47+01:00
[INFO] ------------------------------------------------------------------------
[ERROR] Failed to execute goal org.springframework.boot:spring-boot-maven-plugin:3.3.5:run (default-cli) on project store: Process terminated with exit code: 1 -> [Help 1]
[ERROR] 
[ERROR] To see the full stack trace of the errors, re-run Maven with the -e switch.
[ERROR] Re-run Maven using the -X switch to enable full debug logging.
[ERROR] 
[ERROR] For more information about the errors and possible solutions, please read the following articles:
[ERROR] [Help 1] http://cwiki.apache.org/confluence/display/MAVEN/MojoExecutionException
