Используем JAVA_HOME: /Library/Java/JavaVirtualMachines/zulu-21.jdk/Contents/Home
Версия Java: openjdk version "21.0.9" 2025-10-21 LTS
[INFO] Scanning for projects...
[INFO] 
[INFO] ---------------------------< com.wine:store >---------------------------
[INFO] Building store 0.0.1-SNAPSHOT
[INFO]   from pom.xml
[INFO] --------------------------------[ jar ]---------------------------------
[INFO] 
[INFO] --- clean:3.3.2:clean (default-clean) @ store ---
[INFO] Deleting /Users/dmitrinedioglo/Documents/GitHub/ProProjectWineStore/apps/backend/target
[INFO] 
[INFO] >>> spring-boot:3.3.5:run (default-cli) > test-compile @ store >>>
[INFO] 
[INFO] --- enforcer:3.5.0:enforce (enforce-java) @ store ---
[INFO] Rule 0: org.apache.maven.enforcer.rules.version.RequireJavaVersion passed
[INFO] 
[INFO] --- resources:3.3.1:resources (default-resources) @ store ---
[INFO] Copying 1 resource from src/main/resources to target/classes
[INFO] Copying 2 resources from src/main/resources to target/classes
[INFO] 
[INFO] --- compiler:3.13.0:compile (default-compile) @ store ---
[INFO] Recompiling the module because of changed source code.
[INFO] Compiling 37 source files with javac [debug parameters release 21] to target/classes
[INFO] 
[INFO] --- resources:3.3.1:testResources (default-testResources) @ store ---
[INFO] skip non existing resourceDirectory /Users/dmitrinedioglo/Documents/GitHub/ProProjectWineStore/apps/backend/src/test/resources
[INFO] 
[INFO] --- compiler:3.13.0:testCompile (default-testCompile) @ store ---
[INFO] No sources to compile
[INFO] 
[INFO] <<< spring-boot:3.3.5:run (default-cli) < test-compile @ store <<<
[INFO] 
[INFO] 
[INFO] --- spring-boot:3.3.5:run (default-cli) @ store ---
[INFO] Attaching agents: []
20:21:56.990 [main] INFO com.wine.store.ProProjectWineStoreApplication -- Starting ProProjectWineStoreApplication...

  .   ____          _            __ _ _
 /\\ / ___'_ __ _ _(_)_ __  __ _ \ \ \ \
( ( )\___ | '_ | '_| | '_ \/ _` | \ \ \ \
 \\/  ___)| |_)| | | | | || (_| |  ) ) ) )
  '  |____| .__|_| |_|_| |_\__, | / / / /
 =========|_|==============|___/=/_/_/_/

 :: Spring Boot ::                (v3.3.5)

2026-02-14T20:21:57.158+01:00  INFO 42264 --- [pro-project-wine-store-backend] [           main] c.w.s.ProProjectWineStoreApplication     : Starting ProProjectWineStoreApplication using Java 21.0.9 with PID 42264 (/Users/dmitrinedioglo/Documents/GitHub/ProProjectWineStore/apps/backend/target/classes started by dmitrinedioglo in /Users/dmitrinedioglo/Documents/GitHub/ProProjectWineStore/apps/backend)
2026-02-14T20:21:57.158+01:00  INFO 42264 --- [pro-project-wine-store-backend] [           main] c.w.s.ProProjectWineStoreApplication     : No active profile set, falling back to 1 default profile: "default"
2026-02-14T20:21:57.394+01:00  INFO 42264 --- [pro-project-wine-store-backend] [           main] .s.d.r.c.RepositoryConfigurationDelegate : Bootstrapping Spring Data JPA repositories in DEFAULT mode.
2026-02-14T20:21:57.422+01:00  INFO 42264 --- [pro-project-wine-store-backend] [           main] .s.d.r.c.RepositoryConfigurationDelegate : Finished Spring Data repository scanning in 24 ms. Found 3 JPA repository interfaces.
2026-02-14T20:21:57.599+01:00  INFO 42264 --- [pro-project-wine-store-backend] [           main] o.s.b.w.embedded.tomcat.TomcatWebServer  : Tomcat initialized with port 8080 (http)
2026-02-14T20:21:57.606+01:00  INFO 42264 --- [pro-project-wine-store-backend] [           main] o.apache.catalina.core.StandardService   : Starting service [Tomcat]
2026-02-14T20:21:57.606+01:00  INFO 42264 --- [pro-project-wine-store-backend] [           main] o.apache.catalina.core.StandardEngine    : Starting Servlet engine: [Apache Tomcat/10.1.31]
2026-02-14T20:21:57.632+01:00  INFO 42264 --- [pro-project-wine-store-backend] [           main] o.a.c.c.C.[Tomcat].[localhost].[/]       : Initializing Spring embedded WebApplicationContext
2026-02-14T20:21:57.632+01:00  INFO 42264 --- [pro-project-wine-store-backend] [           main] w.s.c.ServletWebServerApplicationContext : Root WebApplicationContext: initialization completed in 458 ms
2026-02-14T20:21:57.677+01:00  INFO 42264 --- [pro-project-wine-store-backend] [           main] com.zaxxer.hikari.HikariDataSource       : HikariPool-1 - Starting...
2026-02-14T20:21:57.761+01:00  INFO 42264 --- [pro-project-wine-store-backend] [           main] com.zaxxer.hikari.pool.HikariPool        : HikariPool-1 - Added connection conn0: url=jdbc:h2:mem:testdb user=SA
2026-02-14T20:21:57.762+01:00  INFO 42264 --- [pro-project-wine-store-backend] [           main] com.zaxxer.hikari.HikariDataSource       : HikariPool-1 - Start completed.
2026-02-14T20:21:57.792+01:00  INFO 42264 --- [pro-project-wine-store-backend] [           main] liquibase.database                       : Set default schema name to PUBLIC
2026-02-14T20:21:57.943+01:00  INFO 42264 --- [pro-project-wine-store-backend] [           main] liquibase.changelog                      : Creating database history table with name: PUBLIC.DATABASECHANGELOG
2026-02-14T20:21:57.975+01:00  INFO 42264 --- [pro-project-wine-store-backend] [           main] liquibase.changelog                      : Reading from PUBLIC.DATABASECHANGELOG
2026-02-14T20:21:58.014+01:00  INFO 42264 --- [pro-project-wine-store-backend] [           main] liquibase.lockservice                    : Successfully acquired change log lock
2026-02-14T20:21:58.014+01:00  INFO 42264 --- [pro-project-wine-store-backend] [           main] liquibase.command                        : Using deploymentId: 1096918014
2026-02-14T20:21:58.015+01:00  INFO 42264 --- [pro-project-wine-store-backend] [           main] liquibase.changelog                      : Reading from PUBLIC.DATABASECHANGELOG
2026-02-14T20:21:58.032+01:00  INFO 42264 --- [pro-project-wine-store-backend] [           main] liquibase.ui                             : Running Changeset: db/changelog/001-initial-schema.xml::1::junie
2026-02-14T20:21:58.034+01:00  INFO 42264 --- [pro-project-wine-store-backend] [           main] liquibase.changelog                      : Table users created
2026-02-14T20:21:58.036+01:00  INFO 42264 --- [pro-project-wine-store-backend] [           main] liquibase.changelog                      : Table wines created
2026-02-14T20:21:58.037+01:00  INFO 42264 --- [pro-project-wine-store-backend] [           main] liquibase.changelog                      : Table wine_dishes created
2026-02-14T20:21:58.039+01:00  INFO 42264 --- [pro-project-wine-store-backend] [           main] liquibase.changelog                      : Foreign key constraint added to wine_dishes (wine_id)
2026-02-14T20:21:58.039+01:00  INFO 42264 --- [pro-project-wine-store-backend] [           main] liquibase.changelog                      : Table wine_tags created
2026-02-14T20:21:58.040+01:00  INFO 42264 --- [pro-project-wine-store-backend] [           main] liquibase.changelog                      : Foreign key constraint added to wine_tags (wine_id)
2026-02-14T20:21:58.041+01:00  INFO 42264 --- [pro-project-wine-store-backend] [           main] liquibase.changelog                      : Table events created
2026-02-14T20:21:58.042+01:00  INFO 42264 --- [pro-project-wine-store-backend] [           main] liquibase.changelog                      : Table bookings created
2026-02-14T20:21:58.042+01:00  INFO 42264 --- [pro-project-wine-store-backend] [           main] liquibase.changelog                      : Foreign key constraint added to bookings (event_id)
2026-02-14T20:21:58.044+01:00  INFO 42264 --- [pro-project-wine-store-backend] [           main] liquibase.changelog                      : Table orders created
2026-02-14T20:21:58.044+01:00  INFO 42264 --- [pro-project-wine-store-backend] [           main] liquibase.changelog                      : Table order_items created
2026-02-14T20:21:58.045+01:00  INFO 42264 --- [pro-project-wine-store-backend] [           main] liquibase.changelog                      : Foreign key constraint added to order_items (order_id)
2026-02-14T20:21:58.046+01:00  INFO 42264 --- [pro-project-wine-store-backend] [           main] liquibase.changelog                      : Foreign key constraint added to order_items (wine_id)
2026-02-14T20:21:58.046+01:00  INFO 42264 --- [pro-project-wine-store-backend] [           main] liquibase.changelog                      : ChangeSet db/changelog/001-initial-schema.xml::1::junie ran successfully in 14ms
2026-02-14T20:21:58.049+01:00  INFO 42264 --- [pro-project-wine-store-backend] [           main] liquibase.util                           : UPDATE SUMMARY
2026-02-14T20:21:58.049+01:00  INFO 42264 --- [pro-project-wine-store-backend] [           main] liquibase.util                           : Run:                          1
2026-02-14T20:21:58.049+01:00  INFO 42264 --- [pro-project-wine-store-backend] [           main] liquibase.util                           : Previously run:               0
2026-02-14T20:21:58.049+01:00  INFO 42264 --- [pro-project-wine-store-backend] [           main] liquibase.util                           : Filtered out:                 0
2026-02-14T20:21:58.049+01:00  INFO 42264 --- [pro-project-wine-store-backend] [           main] liquibase.util                           : -------------------------------
2026-02-14T20:21:58.049+01:00  INFO 42264 --- [pro-project-wine-store-backend] [           main] liquibase.util                           : Total change sets:            1
2026-02-14T20:21:58.050+01:00  INFO 42264 --- [pro-project-wine-store-backend] [           main] liquibase.util                           : Update summary generated
2026-02-14T20:21:58.050+01:00  INFO 42264 --- [pro-project-wine-store-backend] [           main] liquibase.command                        : Update command completed successfully.
2026-02-14T20:21:58.051+01:00  INFO 42264 --- [pro-project-wine-store-backend] [           main] liquibase.ui                             : Liquibase: Update has been successful. Rows affected: 1
2026-02-14T20:21:58.051+01:00  INFO 42264 --- [pro-project-wine-store-backend] [           main] liquibase.lockservice                    : Successfully released change log lock
2026-02-14T20:21:58.052+01:00  INFO 42264 --- [pro-project-wine-store-backend] [           main] liquibase.command                        : Command execution complete
2026-02-14T20:21:58.080+01:00  INFO 42264 --- [pro-project-wine-store-backend] [           main] o.hibernate.jpa.internal.util.LogHelper  : HHH000204: Processing PersistenceUnitInfo [name: default]
2026-02-14T20:21:58.102+01:00  INFO 42264 --- [pro-project-wine-store-backend] [           main] org.hibernate.Version                    : HHH000412: Hibernate ORM core version 6.5.3.Final
2026-02-14T20:21:58.117+01:00  INFO 42264 --- [pro-project-wine-store-backend] [           main] o.h.c.internal.RegionFactoryInitiator    : HHH000026: Second-level cache disabled
2026-02-14T20:21:58.222+01:00  INFO 42264 --- [pro-project-wine-store-backend] [           main] o.s.o.j.p.SpringPersistenceUnitInfo      : No LoadTimeWeaver setup: ignoring JPA class transformer
2026-02-14T20:21:58.237+01:00  WARN 42264 --- [pro-project-wine-store-backend] [           main] org.hibernate.orm.deprecation            : HHH90000025: H2Dialect does not need to be specified explicitly using 'hibernate.dialect' (remove the property setting and it will be selected by default)
2026-02-14T20:21:58.603+01:00  INFO 42264 --- [pro-project-wine-store-backend] [           main] o.h.e.t.j.p.i.JtaPlatformInitiator       : HHH000489: No JTA platform available (set 'hibernate.transaction.jta.platform' to enable JTA platform integration)
2026-02-14T20:21:58.613+01:00  INFO 42264 --- [pro-project-wine-store-backend] [           main] j.LocalContainerEntityManagerFactoryBean : Initialized JPA EntityManagerFactory for persistence unit 'default'
2026-02-14T20:21:58.706+01:00  INFO 42264 --- [pro-project-wine-store-backend] [           main] o.s.d.j.r.query.QueryEnhancerFactory     : Hibernate is in classpath; If applicable, HQL parser will be used.
2026-02-14T20:21:58.864+01:00  WARN 42264 --- [pro-project-wine-store-backend] [           main] JpaBaseConfiguration$JpaWebConfiguration : spring.jpa.open-in-view is enabled by default. Therefore, database queries may be performed during view rendering. Explicitly configure spring.jpa.open-in-view to disable this warning
2026-02-14T20:21:58.991+01:00  INFO 42264 --- [pro-project-wine-store-backend] [           main] o.s.b.w.embedded.tomcat.TomcatWebServer  : Tomcat started on port 8080 (http) with context path '/'
2026-02-14T20:21:58.994+01:00  INFO 42264 --- [pro-project-wine-store-backend] [           main] c.w.s.ProProjectWineStoreApplication     : Started ProProjectWineStoreApplication in 1.962 seconds (process running for 2.094)
Hibernate: select count(*) from wines w1_0
2026-02-14T20:21:59.031+01:00 ERROR 42264 --- [pro-project-wine-store-backend] [           main] com.wine.store.config.DataInitializer    : Failed to load wines: class path resource [data/products.json] cannot be opened because it does not exist

java.io.FileNotFoundException: class path resource [data/products.json] cannot be opened because it does not exist
	at org.springframework.core.io.ClassPathResource.getInputStream(ClassPathResource.java:215) ~[spring-core-6.1.14.jar:6.1.14]
	at com.wine.store.config.DataInitializer.loadWines(DataInitializer.java:46) ~[classes/:na]
	at com.wine.store.config.DataInitializer.run(DataInitializer.java:33) ~[classes/:na]
	at org.springframework.boot.SpringApplication.lambda$callRunner$5(SpringApplication.java:790) ~[spring-boot-3.3.5.jar:3.3.5]
	at org.springframework.util.function.ThrowingConsumer$1.acceptWithException(ThrowingConsumer.java:83) ~[spring-core-6.1.14.jar:6.1.14]
	at org.springframework.util.function.ThrowingConsumer.accept(ThrowingConsumer.java:60) ~[spring-core-6.1.14.jar:6.1.14]
	at org.springframework.util.function.ThrowingConsumer$1.accept(ThrowingConsumer.java:88) ~[spring-core-6.1.14.jar:6.1.14]
	at org.springframework.boot.SpringApplication.callRunner(SpringApplication.java:798) ~[spring-boot-3.3.5.jar:3.3.5]
	at org.springframework.boot.SpringApplication.callRunner(SpringApplication.java:789) ~[spring-boot-3.3.5.jar:3.3.5]
	at org.springframework.boot.SpringApplication.lambda$callRunners$3(SpringApplication.java:774) ~[spring-boot-3.3.5.jar:3.3.5]
	at java.base/java.util.stream.ForEachOps$ForEachOp$OfRef.accept(ForEachOps.java:184) ~[na:na]
	at java.base/java.util.stream.SortedOps$SizedRefSortingSink.end(SortedOps.java:357) ~[na:na]
	at java.base/java.util.stream.AbstractPipeline.copyInto(AbstractPipeline.java:510) ~[na:na]
	at java.base/java.util.stream.AbstractPipeline.wrapAndCopyInto(AbstractPipeline.java:499) ~[na:na]
	at java.base/java.util.stream.ForEachOps$ForEachOp.evaluateSequential(ForEachOps.java:151) ~[na:na]
	at java.base/java.util.stream.ForEachOps$ForEachOp$OfRef.evaluateSequential(ForEachOps.java:174) ~[na:na]
	at java.base/java.util.stream.AbstractPipeline.evaluate(AbstractPipeline.java:234) ~[na:na]
	at java.base/java.util.stream.ReferencePipeline.forEach(ReferencePipeline.java:596) ~[na:na]
	at org.springframework.boot.SpringApplication.callRunners(SpringApplication.java:774) ~[spring-boot-3.3.5.jar:3.3.5]
	at org.springframework.boot.SpringApplication.run(SpringApplication.java:342) ~[spring-boot-3.3.5.jar:3.3.5]
	at org.springframework.boot.SpringApplication.run(SpringApplication.java:1363) ~[spring-boot-3.3.5.jar:3.3.5]
	at org.springframework.boot.SpringApplication.run(SpringApplication.java:1352) ~[spring-boot-3.3.5.jar:3.3.5]
	at com.wine.store.ProProjectWineStoreApplication.main(ProProjectWineStoreApplication.java:18) ~[classes/:na]

Hibernate: select count(*) from events e1_0
2026-02-14T20:21:59.033+01:00 ERROR 42264 --- [pro-project-wine-store-backend] [           main] com.wine.store.config.DataInitializer    : Failed to load events: class path resource [data/events.json] cannot be opened because it does not exist

java.io.FileNotFoundException: class path resource [data/events.json] cannot be opened because it does not exist
	at org.springframework.core.io.ClassPathResource.getInputStream(ClassPathResource.java:215) ~[spring-core-6.1.14.jar:6.1.14]
	at com.wine.store.config.DataInitializer.loadEvents(DataInitializer.java:95) ~[classes/:na]
	at com.wine.store.config.DataInitializer.run(DataInitializer.java:34) ~[classes/:na]
	at org.springframework.boot.SpringApplication.lambda$callRunner$5(SpringApplication.java:790) ~[spring-boot-3.3.5.jar:3.3.5]
	at org.springframework.util.function.ThrowingConsumer$1.acceptWithException(ThrowingConsumer.java:83) ~[spring-core-6.1.14.jar:6.1.14]
	at org.springframework.util.function.ThrowingConsumer.accept(ThrowingConsumer.java:60) ~[spring-core-6.1.14.jar:6.1.14]
	at org.springframework.util.function.ThrowingConsumer$1.accept(ThrowingConsumer.java:88) ~[spring-core-6.1.14.jar:6.1.14]
	at org.springframework.boot.SpringApplication.callRunner(SpringApplication.java:798) ~[spring-boot-3.3.5.jar:3.3.5]
	at org.springframework.boot.SpringApplication.callRunner(SpringApplication.java:789) ~[spring-boot-3.3.5.jar:3.3.5]
	at org.springframework.boot.SpringApplication.lambda$callRunners$3(SpringApplication.java:774) ~[spring-boot-3.3.5.jar:3.3.5]
	at java.base/java.util.stream.ForEachOps$ForEachOp$OfRef.accept(ForEachOps.java:184) ~[na:na]
	at java.base/java.util.stream.SortedOps$SizedRefSortingSink.end(SortedOps.java:357) ~[na:na]
	at java.base/java.util.stream.AbstractPipeline.copyInto(AbstractPipeline.java:510) ~[na:na]
	at java.base/java.util.stream.AbstractPipeline.wrapAndCopyInto(AbstractPipeline.java:499) ~[na:na]
	at java.base/java.util.stream.ForEachOps$ForEachOp.evaluateSequential(ForEachOps.java:151) ~[na:na]
	at java.base/java.util.stream.ForEachOps$ForEachOp$OfRef.evaluateSequential(ForEachOps.java:174) ~[na:na]
	at java.base/java.util.stream.AbstractPipeline.evaluate(AbstractPipeline.java:234) ~[na:na]
	at java.base/java.util.stream.ReferencePipeline.forEach(ReferencePipeline.java:596) ~[na:na]
	at org.springframework.boot.SpringApplication.callRunners(SpringApplication.java:774) ~[spring-boot-3.3.5.jar:3.3.5]
	at org.springframework.boot.SpringApplication.run(SpringApplication.java:342) ~[spring-boot-3.3.5.jar:3.3.5]
	at org.springframework.boot.SpringApplication.run(SpringApplication.java:1363) ~[spring-boot-3.3.5.jar:3.3.5]
	at org.springframework.boot.SpringApplication.run(SpringApplication.java:1352) ~[spring-boot-3.3.5.jar:3.3.5]
	at com.wine.store.ProProjectWineStoreApplication.main(ProProjectWineStoreApplication.java:18) ~[classes/:na]

2026-02-14T20:21:59.034+01:00  INFO 42264 --- [pro-project-wine-store-backend] [           main] com.wine.store.config.DataInitializer    : Data initialization completed. Application is ready.
2026-02-14T20:21:59.034+01:00  INFO 42264 --- [pro-project-wine-store-backend] [           main] c.w.s.ProProjectWineStoreApplication     : ProProjectWineStoreApplication logic is running.
2026-02-14T20:22:25.083+01:00  INFO 42264 --- [pro-project-wine-store-backend] [ionShutdownHook] j.LocalContainerEntityManagerFactoryBean : Closing JPA EntityManagerFactory for persistence unit 'default'
2026-02-14T20:22:25.085+01:00  INFO 42264 --- [pro-project-wine-store-backend] [ionShutdownHook] com.zaxxer.hikari.HikariDataSource       : HikariPool-1 - Shutdown initiated...
2026-02-14T20:22:25.085+01:00  INFO 42264 --- [pro-project-wine-store-backend] [ionShutdownHook] com.zaxxer.hikari.HikariDataSource       : HikariPool-1 - Shutdown completed.
[INFO] ------------------------------------------------------------------------
[INFO] BUILD FAILURE
[INFO] ------------------------------------------------------------------------
[INFO] Total time:  29.933 s
[INFO] Finished at: 2026-02-14T20:22:25+01:00
[INFO] ------------------------------------------------------------------------
[ERROR] Failed to execute goal org.springframework.boot:spring-boot-maven-plugin:3.3.5:run (default-cli) on project store: Process terminated with exit code: 143 -> [Help 1]
[ERROR] 
[ERROR] To see the full stack trace of the errors, re-run Maven with the -e switch.
[ERROR] Re-run Maven using the -X switch to enable full debug logging.
[ERROR] 
[ERROR] For more information about the errors and possible solutions, please read the following articles:
[ERROR] [Help 1] http://cwiki.apache.org/confluence/display/MAVEN/MojoExecutionException
