[INFO] Scanning for projects...
[INFO] 
[INFO] ---------------------------< com.wine:store >---------------------------
[INFO] Building store 0.0.1-SNAPSHOT
[INFO]   from pom.xml
[INFO] --------------------------------[ jar ]---------------------------------
[INFO] 
[INFO] >>> spring-boot:3.3.5:run (default-cli) > test-compile @ store >>>
[INFO] 
[INFO] --- resources:3.3.1:resources (default-resources) @ store ---
[INFO] Copying 1 resource from src/main/resources to target/classes
[INFO] Copying 6 resources from src/main/resources to target/classes
[INFO] 
[INFO] --- compiler:3.13.0:compile (default-compile) @ store ---
[INFO] Nothing to compile - all classes are up to date.
[INFO] 
[INFO] --- resources:3.3.1:testResources (default-testResources) @ store ---
[INFO] skip non existing resourceDirectory /Users/dmitrinedioglo/Documents/GitHub/ProProjectWineStore/apps/backend/src/test/resources
[INFO] 
[INFO] --- compiler:3.13.0:testCompile (default-testCompile) @ store ---
[INFO] No sources to compile
[INFO] 
[INFO] <<< spring-boot:3.3.5:run (default-cli) < test-compile @ store <<<
[INFO] 
[INFO] 
[INFO] --- spring-boot:3.3.5:run (default-cli) @ store ---
[INFO] Attaching agents: []

  .   ____          _            __ _ _
 /\\ / ___'_ __ _ _(_)_ __  __ _ \ \ \ \
( ( )\___ | '_ | '_| | '_ \/ _` | \ \ \ \
 \\/  ___)| |_)| | | | | || (_| |  ) ) ) )
  '  |____| .__|_| |_|_| |_\__, | / / / /
 =========|_|==============|___/=/_/_/_/

 :: Spring Boot ::                (v3.3.5)

2026-02-14T18:45:01.532+01:00  INFO 24522 --- [pro-project-wine-store-backend] [           main] c.w.s.ProProjectWineStoreApplication     : Starting ProProjectWineStoreApplication using Java 21.0.9 with PID 24522 (/Users/dmitrinedioglo/Documents/GitHub/ProProjectWineStore/apps/backend/target/classes started by dmitrinedioglo in /Users/dmitrinedioglo/Documents/GitHub/ProProjectWineStore/apps/backend)
2026-02-14T18:45:01.532+01:00  INFO 24522 --- [pro-project-wine-store-backend] [           main] c.w.s.ProProjectWineStoreApplication     : No active profile set, falling back to 1 default profile: "default"
2026-02-14T18:45:01.720+01:00  INFO 24522 --- [pro-project-wine-store-backend] [           main] .s.d.r.c.RepositoryConfigurationDelegate : Bootstrapping Spring Data JPA repositories in DEFAULT mode.
2026-02-14T18:45:01.739+01:00  INFO 24522 --- [pro-project-wine-store-backend] [           main] .s.d.r.c.RepositoryConfigurationDelegate : Finished Spring Data repository scanning in 17 ms. Found 3 JPA repository interfaces.
2026-02-14T18:45:01.921+01:00  INFO 24522 --- [pro-project-wine-store-backend] [           main] o.s.b.w.embedded.tomcat.TomcatWebServer  : Tomcat initialized with port 8080 (http)
2026-02-14T18:45:01.926+01:00  INFO 24522 --- [pro-project-wine-store-backend] [           main] o.apache.catalina.core.StandardService   : Starting service [Tomcat]
2026-02-14T18:45:01.926+01:00  INFO 24522 --- [pro-project-wine-store-backend] [           main] o.apache.catalina.core.StandardEngine    : Starting Servlet engine: [Apache Tomcat/10.1.31]
2026-02-14T18:45:01.942+01:00  INFO 24522 --- [pro-project-wine-store-backend] [           main] o.a.c.c.C.[Tomcat].[localhost].[/]       : Initializing Spring embedded WebApplicationContext
2026-02-14T18:45:01.942+01:00  INFO 24522 --- [pro-project-wine-store-backend] [           main] w.s.c.ServletWebServerApplicationContext : Root WebApplicationContext: initialization completed in 398 ms
2026-02-14T18:45:01.985+01:00  INFO 24522 --- [pro-project-wine-store-backend] [           main] o.hibernate.jpa.internal.util.LogHelper  : HHH000204: Processing PersistenceUnitInfo [name: default]
2026-02-14T18:45:01.998+01:00  INFO 24522 --- [pro-project-wine-store-backend] [           main] org.hibernate.Version                    : HHH000412: Hibernate ORM core version 6.5.3.Final
2026-02-14T18:45:02.006+01:00  INFO 24522 --- [pro-project-wine-store-backend] [           main] o.h.c.internal.RegionFactoryInitiator    : HHH000026: Second-level cache disabled
2026-02-14T18:45:02.088+01:00  INFO 24522 --- [pro-project-wine-store-backend] [           main] o.s.o.j.p.SpringPersistenceUnitInfo      : No LoadTimeWeaver setup: ignoring JPA class transformer
2026-02-14T18:45:02.096+01:00  INFO 24522 --- [pro-project-wine-store-backend] [           main] com.zaxxer.hikari.HikariDataSource       : HikariPool-1 - Starting...
2026-02-14T18:45:02.158+01:00  INFO 24522 --- [pro-project-wine-store-backend] [           main] com.zaxxer.hikari.pool.HikariPool        : HikariPool-1 - Added connection conn0: url=jdbc:h2:mem:testdb user=SA
2026-02-14T18:45:02.159+01:00  INFO 24522 --- [pro-project-wine-store-backend] [           main] com.zaxxer.hikari.HikariDataSource       : HikariPool-1 - Start completed.
2026-02-14T18:45:02.166+01:00  WARN 24522 --- [pro-project-wine-store-backend] [           main] org.hibernate.orm.deprecation            : HHH90000025: H2Dialect does not need to be specified explicitly using 'hibernate.dialect' (remove the property setting and it will be selected by default)
2026-02-14T18:45:02.493+01:00  INFO 24522 --- [pro-project-wine-store-backend] [           main] o.h.e.t.j.p.i.JtaPlatformInitiator       : HHH000489: No JTA platform available (set 'hibernate.transaction.jta.platform' to enable JTA platform integration)
Hibernate: drop table if exists bookings cascade 
Hibernate: drop table if exists events cascade 
Hibernate: drop table if exists order_items cascade 
Hibernate: drop table if exists orders cascade 
Hibernate: drop table if exists users cascade 
Hibernate: drop table if exists wine_dishes cascade 
Hibernate: drop table if exists wine_tags cascade 
Hibernate: drop table if exists wines cascade 
Hibernate: create table bookings (guests_count integer not null, total_price numeric(38,2), created_at timestamp(6), event_id bigint not null, id bigint generated by default as identity, customer_email varchar(255) not null, customer_name varchar(255) not null, customer_phone varchar(255), status enum ('CANCELLED','CONFIRMED','PENDING'), primary key (id))
Hibernate: create table events (booked_spots integer, date date, price_per_person numeric(38,2), total_spots integer, id bigint generated by default as identity, description TEXT, image_url varchar(255), location varchar(255), slug varchar(255) not null unique, time varchar(255), title varchar(255) not null, category enum ('ONLINE','OTHER','WEINFEST','WEINPROBE'), primary key (id))
Hibernate: create table order_items (price numeric(38,2) not null, quantity integer not null, id bigint generated by default as identity, wine_id bigint not null, order_id uuid not null, primary key (id))
Hibernate: create table orders (total_amount numeric(38,2), created_at timestamp(6), id uuid not null, user_id uuid, address varchar(255), city varchar(255), country varchar(255), email varchar(255), first_name varchar(255), last_name varchar(255), phone varchar(255), status varchar(255), zip_code varchar(255), primary key (id))
Hibernate: create table users (id uuid not null, email varchar(255) not null unique, first_name varchar(255), last_name varchar(255), password varchar(255), user_role enum ('ADMIN','USER'), primary key (id))
Hibernate: create table wine_dishes (wine_id bigint not null, dish varchar(255))
Hibernate: create table wine_tags (wine_id bigint not null, tag varchar(255))
Hibernate: create table wines (featured boolean not null, is_sale boolean not null, price numeric(38,2) not null, rating float(53), release_year integer, sale_price numeric(38,2), stock_quantity integer, id bigint generated by default as identity, acidity varchar(255), alcohol varchar(255), country varchar(255), description TEXT, edition varchar(255), grape_variety varchar(255), image_url varchar(255), name varchar(255) not null, quality_level varchar(255), region varchar(255), short_description TEXT, slug varchar(255) not null unique, sugar varchar(255), winery varchar(255), flavor enum ('BRUT','FEINHERB','FRUCHTIG','HALBTROCKEN','TROCKEN'), stock_status enum ('IN_STOCK','ON_DEMAND','OUT_OF_STOCK'), type enum ('ALCOHOL_FREE','OTHER','PACKAGE','RED','ROSE','SPARKLING','WHITE'), primary key (id))
Hibernate: alter table if exists bookings add constraint FK2ww82bk3npaiyu9oeehwtt2q3 foreign key (event_id) references events
Hibernate: alter table if exists order_items add constraint FKbioxgbv59vetrxe0ejfubep1w foreign key (order_id) references orders
Hibernate: alter table if exists order_items add constraint FKih8buj9cijyof4y1qdj7mo15k foreign key (wine_id) references wines
Hibernate: alter table if exists wine_dishes add constraint FKma2w9sfu7lj6ka6jmlptkg8lw foreign key (wine_id) references wines
Hibernate: alter table if exists wine_tags add constraint FKtmekyrsx8oihc8xt87avovtl3 foreign key (wine_id) references wines
2026-02-14T18:45:02.513+01:00  INFO 24522 --- [pro-project-wine-store-backend] [           main] j.LocalContainerEntityManagerFactoryBean : Initialized JPA EntityManagerFactory for persistence unit 'default'
2026-02-14T18:45:02.584+01:00  INFO 24522 --- [pro-project-wine-store-backend] [           main] o.s.d.j.r.query.QueryEnhancerFactory     : Hibernate is in classpath; If applicable, HQL parser will be used.
2026-02-14T18:45:02.748+01:00  WARN 24522 --- [pro-project-wine-store-backend] [           main] JpaBaseConfiguration$JpaWebConfiguration : spring.jpa.open-in-view is enabled by default. Therefore, database queries may be performed during view rendering. Explicitly configure spring.jpa.open-in-view to disable this warning
2026-02-14T18:45:02.852+01:00  INFO 24522 --- [pro-project-wine-store-backend] [           main] o.s.b.w.embedded.tomcat.TomcatWebServer  : Tomcat started on port 8080 (http) with context path '/'
2026-02-14T18:45:02.855+01:00  INFO 24522 --- [pro-project-wine-store-backend] [           main] c.w.s.ProProjectWineStoreApplication     : Started ProProjectWineStoreApplication in 1.427 seconds (process running for 1.53)
Hibernate: select count(*) from wines w1_0
Hibernate: insert into wines (acidity,alcohol,country,description,edition,featured,flavor,grape_variety,image_url,is_sale,name,price,quality_level,rating,region,release_year,sale_price,short_description,slug,stock_quantity,stock_status,sugar,type,winery,id) values (?,?,?,?,?,?,?,?,?,?,?,?,?,?,?,?,?,?,?,?,?,?,?,?,default)
Hibernate: insert into wines (acidity,alcohol,country,description,edition,featured,flavor,grape_variety,image_url,is_sale,name,price,quality_level,rating,region,release_year,sale_price,short_description,slug,stock_quantity,stock_status,sugar,type,winery,id) values (?,?,?,?,?,?,?,?,?,?,?,?,?,?,?,?,?,?,?,?,?,?,?,?,default)
Hibernate: insert into wines (acidity,alcohol,country,description,edition,featured,flavor,grape_variety,image_url,is_sale,name,price,quality_level,rating,region,release_year,sale_price,short_description,slug,stock_quantity,stock_status,sugar,type,winery,id) values (?,?,?,?,?,?,?,?,?,?,?,?,?,?,?,?,?,?,?,?,?,?,?,?,default)
Hibernate: insert into wines (acidity,alcohol,country,description,edition,featured,flavor,grape_variety,image_url,is_sale,name,price,quality_level,rating,region,release_year,sale_price,short_description,slug,stock_quantity,stock_status,sugar,type,winery,id) values (?,?,?,?,?,?,?,?,?,?,?,?,?,?,?,?,?,?,?,?,?,?,?,?,default)
Hibernate: insert into wines (acidity,alcohol,country,description,edition,featured,flavor,grape_variety,image_url,is_sale,name,price,quality_level,rating,region,release_year,sale_price,short_description,slug,stock_quantity,stock_status,sugar,type,winery,id) values (?,?,?,?,?,?,?,?,?,?,?,?,?,?,?,?,?,?,?,?,?,?,?,?,default)
Hibernate: insert into wines (acidity,alcohol,country,description,edition,featured,flavor,grape_variety,image_url,is_sale,name,price,quality_level,rating,region,release_year,sale_price,short_description,slug,stock_quantity,stock_status,sugar,type,winery,id) values (?,?,?,?,?,?,?,?,?,?,?,?,?,?,?,?,?,?,?,?,?,?,?,?,default)
Hibernate: insert into wines (acidity,alcohol,country,description,edition,featured,flavor,grape_variety,image_url,is_sale,name,price,quality_level,rating,region,release_year,sale_price,short_description,slug,stock_quantity,stock_status,sugar,type,winery,id) values (?,?,?,?,?,?,?,?,?,?,?,?,?,?,?,?,?,?,?,?,?,?,?,?,default)
Hibernate: insert into wines (acidity,alcohol,country,description,edition,featured,flavor,grape_variety,image_url,is_sale,name,price,quality_level,rating,region,release_year,sale_price,short_description,slug,stock_quantity,stock_status,sugar,type,winery,id) values (?,?,?,?,?,?,?,?,?,?,?,?,?,?,?,?,?,?,?,?,?,?,?,?,default)
Hibernate: insert into wines (acidity,alcohol,country,description,edition,featured,flavor,grape_variety,image_url,is_sale,name,price,quality_level,rating,region,release_year,sale_price,short_description,slug,stock_quantity,stock_status,sugar,type,winery,id) values (?,?,?,?,?,?,?,?,?,?,?,?,?,?,?,?,?,?,?,?,?,?,?,?,default)
Hibernate: insert into wines (acidity,alcohol,country,description,edition,featured,flavor,grape_variety,image_url,is_sale,name,price,quality_level,rating,region,release_year,sale_price,short_description,slug,stock_quantity,stock_status,sugar,type,winery,id) values (?,?,?,?,?,?,?,?,?,?,?,?,?,?,?,?,?,?,?,?,?,?,?,?,default)
Hibernate: insert into wines (acidity,alcohol,country,description,edition,featured,flavor,grape_variety,image_url,is_sale,name,price,quality_level,rating,region,release_year,sale_price,short_description,slug,stock_quantity,stock_status,sugar,type,winery,id) values (?,?,?,?,?,?,?,?,?,?,?,?,?,?,?,?,?,?,?,?,?,?,?,?,default)
Hibernate: insert into wines (acidity,alcohol,country,description,edition,featured,flavor,grape_variety,image_url,is_sale,name,price,quality_level,rating,region,release_year,sale_price,short_description,slug,stock_quantity,stock_status,sugar,type,winery,id) values (?,?,?,?,?,?,?,?,?,?,?,?,?,?,?,?,?,?,?,?,?,?,?,?,default)
Hibernate: insert into wines (acidity,alcohol,country,description,edition,featured,flavor,grape_variety,image_url,is_sale,name,price,quality_level,rating,region,release_year,sale_price,short_description,slug,stock_quantity,stock_status,sugar,type,winery,id) values (?,?,?,?,?,?,?,?,?,?,?,?,?,?,?,?,?,?,?,?,?,?,?,?,default)
Hibernate: insert into wines (acidity,alcohol,country,description,edition,featured,flavor,grape_variety,image_url,is_sale,name,price,quality_level,rating,region,release_year,sale_price,short_description,slug,stock_quantity,stock_status,sugar,type,winery,id) values (?,?,?,?,?,?,?,?,?,?,?,?,?,?,?,?,?,?,?,?,?,?,?,?,default)
Hibernate: insert into wines (acidity,alcohol,country,description,edition,featured,flavor,grape_variety,image_url,is_sale,name,price,quality_level,rating,region,release_year,sale_price,short_description,slug,stock_quantity,stock_status,sugar,type,winery,id) values (?,?,?,?,?,?,?,?,?,?,?,?,?,?,?,?,?,?,?,?,?,?,?,?,default)
Hibernate: insert into wines (acidity,alcohol,country,description,edition,featured,flavor,grape_variety,image_url,is_sale,name,price,quality_level,rating,region,release_year,sale_price,short_description,slug,stock_quantity,stock_status,sugar,type,winery,id) values (?,?,?,?,?,?,?,?,?,?,?,?,?,?,?,?,?,?,?,?,?,?,?,?,default)
Hibernate: insert into wines (acidity,alcohol,country,description,edition,featured,flavor,grape_variety,image_url,is_sale,name,price,quality_level,rating,region,release_year,sale_price,short_description,slug,stock_quantity,stock_status,sugar,type,winery,id) values (?,?,?,?,?,?,?,?,?,?,?,?,?,?,?,?,?,?,?,?,?,?,?,?,default)
Hibernate: insert into wines (acidity,alcohol,country,description,edition,featured,flavor,grape_variety,image_url,is_sale,name,price,quality_level,rating,region,release_year,sale_price,short_description,slug,stock_quantity,stock_status,sugar,type,winery,id) values (?,?,?,?,?,?,?,?,?,?,?,?,?,?,?,?,?,?,?,?,?,?,?,?,default)
Hibernate: insert into wines (acidity,alcohol,country,description,edition,featured,flavor,grape_variety,image_url,is_sale,name,price,quality_level,rating,region,release_year,sale_price,short_description,slug,stock_quantity,stock_status,sugar,type,winery,id) values (?,?,?,?,?,?,?,?,?,?,?,?,?,?,?,?,?,?,?,?,?,?,?,?,default)
Hibernate: insert into wines (acidity,alcohol,country,description,edition,featured,flavor,grape_variety,image_url,is_sale,name,price,quality_level,rating,region,release_year,sale_price,short_description,slug,stock_quantity,stock_status,sugar,type,winery,id) values (?,?,?,?,?,?,?,?,?,?,?,?,?,?,?,?,?,?,?,?,?,?,?,?,default)
Hibernate: insert into wines (acidity,alcohol,country,description,edition,featured,flavor,grape_variety,image_url,is_sale,name,price,quality_level,rating,region,release_year,sale_price,short_description,slug,stock_quantity,stock_status,sugar,type,winery,id) values (?,?,?,?,?,?,?,?,?,?,?,?,?,?,?,?,?,?,?,?,?,?,?,?,default)
Hibernate: insert into wines (acidity,alcohol,country,description,edition,featured,flavor,grape_variety,image_url,is_sale,name,price,quality_level,rating,region,release_year,sale_price,short_description,slug,stock_quantity,stock_status,sugar,type,winery,id) values (?,?,?,?,?,?,?,?,?,?,?,?,?,?,?,?,?,?,?,?,?,?,?,?,default)
Hibernate: insert into wines (acidity,alcohol,country,description,edition,featured,flavor,grape_variety,image_url,is_sale,name,price,quality_level,rating,region,release_year,sale_price,short_description,slug,stock_quantity,stock_status,sugar,type,winery,id) values (?,?,?,?,?,?,?,?,?,?,?,?,?,?,?,?,?,?,?,?,?,?,?,?,default)
Hibernate: insert into wines (acidity,alcohol,country,description,edition,featured,flavor,grape_variety,image_url,is_sale,name,price,quality_level,rating,region,release_year,sale_price,short_description,slug,stock_quantity,stock_status,sugar,type,winery,id) values (?,?,?,?,?,?,?,?,?,?,?,?,?,?,?,?,?,?,?,?,?,?,?,?,default)
Hibernate: insert into wines (acidity,alcohol,country,description,edition,featured,flavor,grape_variety,image_url,is_sale,name,price,quality_level,rating,region,release_year,sale_price,short_description,slug,stock_quantity,stock_status,sugar,type,winery,id) values (?,?,?,?,?,?,?,?,?,?,?,?,?,?,?,?,?,?,?,?,?,?,?,?,default)
Hibernate: insert into wines (acidity,alcohol,country,description,edition,featured,flavor,grape_variety,image_url,is_sale,name,price,quality_level,rating,region,release_year,sale_price,short_description,slug,stock_quantity,stock_status,sugar,type,winery,id) values (?,?,?,?,?,?,?,?,?,?,?,?,?,?,?,?,?,?,?,?,?,?,?,?,default)
Hibernate: insert into wines (acidity,alcohol,country,description,edition,featured,flavor,grape_variety,image_url,is_sale,name,price,quality_level,rating,region,release_year,sale_price,short_description,slug,stock_quantity,stock_status,sugar,type,winery,id) values (?,?,?,?,?,?,?,?,?,?,?,?,?,?,?,?,?,?,?,?,?,?,?,?,default)
Hibernate: insert into wines (acidity,alcohol,country,description,edition,featured,flavor,grape_variety,image_url,is_sale,name,price,quality_level,rating,region,release_year,sale_price,short_description,slug,stock_quantity,stock_status,sugar,type,winery,id) values (?,?,?,?,?,?,?,?,?,?,?,?,?,?,?,?,?,?,?,?,?,?,?,?,default)
Hibernate: insert into wines (acidity,alcohol,country,description,edition,featured,flavor,grape_variety,image_url,is_sale,name,price,quality_level,rating,region,release_year,sale_price,short_description,slug,stock_quantity,stock_status,sugar,type,winery,id) values (?,?,?,?,?,?,?,?,?,?,?,?,?,?,?,?,?,?,?,?,?,?,?,?,default)
Hibernate: insert into wines (acidity,alcohol,country,description,edition,featured,flavor,grape_variety,image_url,is_sale,name,price,quality_level,rating,region,release_year,sale_price,short_description,slug,stock_quantity,stock_status,sugar,type,winery,id) values (?,?,?,?,?,?,?,?,?,?,?,?,?,?,?,?,?,?,?,?,?,?,?,?,default)
Hibernate: insert into wine_dishes (wine_id,dish) values (?,?)
Hibernate: insert into wine_dishes (wine_id,dish) values (?,?)
Hibernate: insert into wine_dishes (wine_id,dish) values (?,?)
Hibernate: insert into wine_tags (wine_id,tag) values (?,?)
Hibernate: insert into wine_tags (wine_id,tag) values (?,?)
Hibernate: insert into wine_tags (wine_id,tag) values (?,?)
Hibernate: insert into wine_dishes (wine_id,dish) values (?,?)
Hibernate: insert into wine_dishes (wine_id,dish) values (?,?)
Hibernate: insert into wine_dishes (wine_id,dish) values (?,?)
Hibernate: insert into wine_dishes (wine_id,dish) values (?,?)
Hibernate: insert into wine_dishes (wine_id,dish) values (?,?)
Hibernate: insert into wine_dishes (wine_id,dish) values (?,?)
Hibernate: insert into wine_dishes (wine_id,dish) values (?,?)
Hibernate: insert into wine_dishes (wine_id,dish) values (?,?)
2026-02-14T18:45:02.933+01:00  INFO 24522 --- [pro-project-wine-store-backend] [           main] com.wine.store.config.DataInitializer    : Successfully loaded 30 wines.
Hibernate: select count(*) from events e1_0
Hibernate: insert into events (booked_spots,category,date,description,image_url,location,price_per_person,slug,time,title,total_spots,id) values (?,?,?,?,?,?,?,?,?,?,?,default)
Hibernate: insert into events (booked_spots,category,date,description,image_url,location,price_per_person,slug,time,title,total_spots,id) values (?,?,?,?,?,?,?,?,?,?,?,default)
Hibernate: insert into events (booked_spots,category,date,description,image_url,location,price_per_person,slug,time,title,total_spots,id) values (?,?,?,?,?,?,?,?,?,?,?,default)
Hibernate: insert into events (booked_spots,category,date,description,image_url,location,price_per_person,slug,time,title,total_spots,id) values (?,?,?,?,?,?,?,?,?,?,?,default)
2026-02-14T18:45:02.938+01:00  INFO 24522 --- [pro-project-wine-store-backend] [           main] com.wine.store.config.DataInitializer    : Successfully loaded 4 events.
2026-02-14T18:45:33.473+01:00  INFO 24522 --- [pro-project-wine-store-backend] [ionShutdownHook] j.LocalContainerEntityManagerFactoryBean : Closing JPA EntityManagerFactory for persistence unit 'default'
Hibernate: drop table if exists bookings cascade 
Hibernate: drop table if exists events cascade 
Hibernate: drop table if exists order_items cascade 
Hibernate: drop table if exists orders cascade 
Hibernate: drop table if exists users cascade 
Hibernate: drop table if exists wine_dishes cascade 
Hibernate: drop table if exists wine_tags cascade 
Hibernate: drop table if exists wines cascade 
2026-02-14T18:45:33.476+01:00  INFO 24522 --- [pro-project-wine-store-backend] [ionShutdownHook] com.zaxxer.hikari.HikariDataSource       : HikariPool-1 - Shutdown initiated...
2026-02-14T18:45:33.476+01:00  INFO 24522 --- [pro-project-wine-store-backend] [ionShutdownHook] com.zaxxer.hikari.HikariDataSource       : HikariPool-1 - Shutdown completed.
[INFO] ------------------------------------------------------------------------
[INFO] BUILD FAILURE
[INFO] ------------------------------------------------------------------------
[INFO] Total time:  32.632 s
[INFO] Finished at: 2026-02-14T18:45:33+01:00
[INFO] ------------------------------------------------------------------------
[ERROR] Failed to execute goal org.springframework.boot:spring-boot-maven-plugin:3.3.5:run (default-cli) on project store: Process terminated with exit code: 143 -> [Help 1]
[ERROR] 
[ERROR] To see the full stack trace of the errors, re-run Maven with the -e switch.
[ERROR] Re-run Maven using the -X switch to enable full debug logging.
[ERROR] 
[ERROR] For more information about the errors and possible solutions, please read the following articles:
[ERROR] [Help 1] http://cwiki.apache.org/confluence/display/MAVEN/MojoExecutionException
